SQL> -- ---------------------------------------------------------------
SQL> --
SQL> -- Name: Tyler Paquet
SQL> --
SQL> /*(110) Using ROWNUM to limit the size of the result. (Notice that SQL and some systems use the LIMIT or TOP clauses. Oracle uses ROENUM to accomplish similar tasks.)
SQL> Find the ssn, lname, and salary of only four employees.
SQL> */
SQL> select ssn, lname, salary
  2  from employee
  3  where ROWNUM <=4;

SSN       LNAME               SALARY                                            
--------- --------------- ----------                                            
123456789 Smith                30000                                            
333445555 Wong                 40000                                            
999887777 Zelaya               25000                                            
987654321 Wallace              43000                                            

SQL> 
SQL> /*(115) TOP-N query.
SQL> Find the ssn, lname, and salary of the four highest paid employees.
SQL> */
SQL> 
SQL> select ssn, lname, salary
  2  from (select ssn, lname, salary
  3  	   from employee order by salary desc)
  4  where ROWNUM <=4;

SSN       LNAME               SALARY                                            
--------- --------------- ----------                                            
888665555 Borg                 55000                                            
987654321 Wallace              43000                                            
333445555 Wong                 40000                                            
666884444 Narayan              38000                                            

SQL> 
SQL> /*(120) TOP-N query.
SQL> Find the ssn, lname, and salary of the four lowest paid employees
SQL> */
SQL> 
SQL> select ssn, lname, salary
  2  from (select ssn, lname, salary
  3  	   from employee order by salary asc)
  4  where ROWNUM <=4;

SSN       LNAME               SALARY                                            
--------- --------------- ----------                                            
999887777 Zelaya               25000                                            
987987987 Jabbar               25000                                            
453453453 English              25000                                            
123456789 Smith                30000                                            

SQL> 
SQL> /*(125) TOP-N query.
SQL> Find the lowest two salaries in the company.(Notice that in our database, the two lowest salaries are 25K and 30K.)
SQL> */
SQL> 
SQL> select salary
  2  from (select  unique salary
  3  	   from employee order by salary asc)
  4  where ROWNUM <=2;

    SALARY                                                                      
----------                                                                      
     25000                                                                      
     30000                                                                      

SQL> 
SQL> /*(130) TOP-N query.
SQL> For every employee whose salary is equal to one of the two lowest salaries, Find the ssn, lname, and salary.
SQL> */
SQL> 
SQL> select ssn, lname, salary
  2  from employee
  3  where salary = (select salary
  4  		     from (select  unique salary
  5  			   from (select salary
  6  				 from (select  unique salary
  7  				       from employee order by salary asc)
  8  				       where ROWNUM <= 2)
  9  				 employee order by salary asc)
 10  				 where ROWNUM <= 1) OR
 11  	   salary = (select salary
 12  		     from (select  unique salary
 13  			   from (select salary
 14  				 from (select  unique salary
 15  				       from employee order by salary asc)
 16  				       where ROWNUM <= 2)
 17  				 employee order by salary desc)
 18  				 where ROWNUM <= 1)
 19  order by salary;

SSN       LNAME               SALARY                                            
--------- --------------- ----------                                            
999887777 Zelaya               25000                                            
987987987 Jabbar               25000                                            
453453453 English              25000                                            
123456789 Smith                30000                                            

SQL> 
SQL> /*(135) RANK query
SQL> Find the rank of the salary 30000 among all salaries. (HINT: The ranks in our database are 1 for 25000, 4 for 30000, 5 for 38000, and so on.)
SQL> */
SQL> 
SQL> SELECT RANK(30000) WITHIN GROUP (ORDER BY salary asc) "Rank of 30000"
  2  FROM employee;

Rank of 30000                                                                   
-------------                                                                   
            4                                                                   

SQL> 
SQL> /*(140) RANK query ... compare with the previous query.
SQL> Find the rank of the salary 31000 among all salaries.
SQL> */
SQL> 
SQL> SELECT RANK(31000) WITHIN GROUP (ORDER BY salary asc) "Rank of 31000"
  2  FROM employee;

Rank of 31000                                                                   
-------------                                                                   
            5                                                                   

SQL> 
SQL> /*(145) DENSE RANK query
SQL> Find the dense rank of the salary 30000 among all salaries. Hint: The dense ranks in our database are 1 for 25000, 2 for 30000, 3 for 38000, and so on.
SQL> */
SQL> 
SQL> SELECT DENSE_RANK(30000) WITHIN GROUP (ORDER BY salary asc) "Dense Rank of 30000"
  2  FROM employee;

Dense Rank of 30000                                                             
-------------------                                                             
                  2                                                             

SQL> 
SQL> /*(150) DENSE RANK query ... compare with the previous query.
SQL> Find the dense rank of the salary 31000 among all salaries. Hint: The dense ranks in our database are 1 for 25000, 2 for 30000, 3 for 38000, and so on.
SQL> */
SQL> 
SQL> SELECT DENSE_RANK(31000) WITHIN GROUP (ORDER BY salary asc) "Dense Rank of 31000"
  2  FROM employee;

Dense Rank of 31000                                                             
-------------------                                                             
                  3                                                             

SQL> 
SQL> /*(155)HIERARCHICAL query (uses START WITH and CONNECT BY PRIOR)
SQL> Find pairs of SSN's such that the first SSN in the pair is that of an employee while the second SSN in the pair is that of his/her supervisor. Start with SSN 453453453.
SQL> Hint: The output of your query should be:
SQL> 
SQL> 453453453	     333445555
SQL> 333445555	     888665555
SQL> 888665555	     -
SQL> */
SQL> 
SQL> SELECT ssn, super_ssn
  2  FROM employee
  3  START WITH ssn = 453453453
  4  CONNECT BY PRIOR super_ssn = ssn;

SSN       SUPER_SSN                                                             
--------- ---------                                                             
453453453 333445555                                                             
333445555 888665555                                                             
888665555                                                                       

SQL> 
SQL> ---------------------------------------------------------------
SQL> SET ECHO OFF
