SQL> -- ------------------------------------------------------------
SQL> --
SQL> -- Name: Tyler Paquet
SQL> --
SQL> -- -------------------------------------------------------------
SQL> --
SQL> -- NULL AND SUBSTRINGS -------------------------------
SQL> --
SQL> /*(10B)
SQL> Find the ssn and last name of every employee whose ssn contains two consecutive 8's, and has a supervisor. Sort the results by ssn.
SQL> */
SQL> SELECT SSN, LNAME
  2  FROM EMPLOYEE
  3  WHERE SSN LIKE '%88%' AND
  4  	   SUPER_SSN IS NOT NULL
  5  ORDER BY SSN;

SSN       LNAME                                                                 
--------- ---------------                                                       
666884444 Narayan                                                               
999887777 Zelaya                                                                

SQL> --
SQL> -- JOINING 3 TABLES ------------------------------
SQL> --
SQL> /*(11B)
SQL> For every employee who works for more than 20 hours on any project that is controlled by the research department: Find the ssn, project number,  and number of hours. Sort the results by ssn.
SQL> */
SQL> SELECT W.Essn, W.Pno, W.Hours
  2  FROM WORKS_ON W, PROJECT P, DEPARTMENT D
  3  WHERE Hours > 20 AND
  4  	   W.Pno = P.Pnumber AND
  5  	   P.Dnum = D.Dnumber AND
  6  	   D.Dname = 'Research'
  7  ORDER BY W.Essn;

ESSN             PNO      HOURS                                                 
--------- ---------- ----------                                                 
123456789          1       32.5                                                 
666884444          3         40                                                 

SQL> --
SQL> -- JOINING 3 TABLES ---------------------------
SQL> --
SQL> /*(12B)
SQL> Write a query that consists of one block only.
SQL> For every employee who works less than 10 hours on any project that is controlled by the department he works for: Find the employee's lname, his department number, project number, the number of the department controlling it, and the number of hours he works on that project. Sort the results by lname.
SQL> */
SQL> SELECT E.Lname, E.DNo, W.PNo, P.Dnum, W.Hours
  2  FROM EMPLOYEE E, WORKS_ON W, PROJECT P
  3  WHERE W.Hours < 10 AND
  4  	   E.Dno = P.Dnum AND
  5  	   P.Pnumber = W.Pno AND
  6  	   E.Ssn = W.Essn
  7  ORDER BY E.Lname;

LNAME                  DNO        PNO       DNUM      HOURS                     
--------------- ---------- ---------- ---------- ----------                     
Jabbar                   4         30          4          5                     
Smith                    5          2          5        7.5                     

SQL> --
SQL> -- JOINING 4 TABLES -------------------------
SQL> --
SQL> /*(13B)
SQL> For every employee who works on any project that is located in Houston: Find the employees ssn and lname, and the names of his/her dependent(s) and their relationship(s) to the employee. Notice that there will be one row per qualyfing dependent. Sort the results by employee lname.
SQL> */
SQL> SELECT DISTINCT E.Ssn, E.Lname, D.Dependent_name, D.Relationship
  2  FROM EMPLOYEE E, PROJECT P, WORKS_ON W, DEPENDENT D
  3  WHERE E.Ssn = W.Essn AND
  4  	   W.Pno = P.Pnumber AND
  5  	   P.Plocation = 'Houston' AND
  6  	   E.Ssn = D.Essn
  7  ORDER BY E.Lname;

SSN       LNAME           DEPENDENT_NAME  RELATION                              
--------- --------------- --------------- --------                              
987654321 Wallace         Abner           Spouse                                
333445555 Wong            Alice           Daughter                              
333445555 Wong            Joy             Spouse                                
333445555 Wong            Theodore        Son                                   

SQL> --
SQL> -- SELF JOIN -------------------------------------------
SQL> --
SQL> /*(14B)
SQL> Write a query that consists of one block only.
SQL> For every employee who works for a department that is different from his supervisor's department: Find his ssn, lname, department number; and his supervisor's ssn, lname, and department number. Sort the results by ssn.
SQL> */
SQL> SELECT E1.Ssn, E1.Lname, E1.Dno, E2.Ssn, E2.Lname, E2.Dno
  2  FROM EMPLOYEE E1, EMPLOYEE E2
  3  WHERE E1.Super_ssn = E2.Ssn AND
  4  	   E1.Dno <> E2.Dno
  5  ORDER BY E1.Ssn;

SSN       LNAME                  DNO SSN       LNAME                  DNO       
--------- --------------- ---------- --------- --------------- ----------       
333445555 Wong                     5 888665555 Borg                     1       
987654321 Wallace                  4 888665555 Borg                     1       

SQL> --
SQL> -- USING MORE THAN ONE RANGE VARIABLE ON ONE TABLE -------------------
SQL> --
SQL> /*(15B)
SQL> Find pairs of employee lname's such that the two employees in the pair work on the same project for the same number of hours. List every pair once only. Sort the result by the lname in the left column in the result.
SQL> */
SQL> SELECT DISTINCT E1.Lname, E2.Lname
  2  FROM EMPLOYEE E1, EMPLOYEE E2, WORKS_ON W1, WORKS_ON W2
  3  WHERE E1.Ssn = W1.Essn AND
  4  	   E2.Ssn = W2.Essn AND
  5  	   W1.Pno = W2.Pno AND
  6  	   W1.Hours = W2.Hours AND
  7  	   E1.Ssn < E2.Ssn
  8  ORDER BY E1.Lname;

LNAME           LNAME                                                           
--------------- ---------------                                                 
Wong            Zelaya                                                          

SQL> 
SQL> --
SQL> /*(16B)
SQL> For every employee who has more than one dependent: Find the ssn, lname, and number of dependents. Sort the result by lname
SQL> */
SQL> SELECT E.Ssn, E.Lname, COUNT(*) AS "Number of Dependents"
  2  FROM EMPLOYEE E, DEPENDENT D
  3  WHERE E.Ssn = D.Essn
  4  GROUP BY E.Ssn, E.Lname
  5  Having COUNT (D.Essn) > 1
  6  ORDER BY E.Lname;

SSN       LNAME           Number of Dependents                                  
--------- --------------- --------------------                                  
123456789 Smith                              3                                  
333445555 Wong                               3                                  

SQL> --
SQL> /*(17B)
SQL> For every project that has more than 2 employees working on and the total hours worked on it is less than 40: Find the project number, project name, number of employees working on it, and the total number of hours worked by all employees on that project. Sort the results by project number.
SQL> */
SQL> SELECT W.Pno, P.Pname, COUNT(*) AS "Num of Eployees", SUM(W.Hours) AS "Total Hours Worked"
  2  FROM WORKS_ON W, PROJECT P
  3  WHERE W.Pno = P.Pnumber
  4  GROUP BY W.Pno, P.Pname
  5  Having COUNT(W.Pno) > 2
  6  ORDER BY W.Pno;

       PNO PNAME           Num of Eployees Total Hours Worked                   
---------- --------------- --------------- ------------------                   
         2 ProductY                      3               37.5                   
        10 Computerization               3                 55                   
        20 Reorganization                3                 25                   
        30 Newbenefits                   3                 55                   

SQL> --
SQL> -- CORRELATED SUBQUERY --------------------------------
SQL> --
SQL> /*(18B)
SQL> For every employee whose salary is above the average salary in his department: Find the dno, ssn, lname, and salary. Sort the results by department number.
SQL> */
SQL> SELECT E1.Dno, E1.Ssn, E1.Lname, E1.Salary
  2  FROM EMPLOYEE E1
  3  WHERE E1.Salary > (Select AVG(E2.Salary)
  4  			FROM EMPLOYEE E2
  5  			WHERE E1.Dno = E2.Dno)
  6  ORDER BY E1.Dno;

       DNO SSN       LNAME               SALARY                                 
---------- --------- --------------- ----------                                 
         4 987654321 Wallace              43000                                 
         5 666884444 Narayan              38000                                 
         5 333445555 Wong                 40000                                 

SQL> --
SQL> -- CORRELATED SUBQUERY -------------------------------
SQL> --
SQL> /*(19B)
SQL> For every employee who works for the research department but does not work on any one project for more than 20 hours: Find the ssn and lname. Sort the results by lname
SQL> */
SQL> SELECT E.Ssn, E.Lname
  2  FROM EMPLOYEE E
  3  WHERE E.Dno = (SELECT DISTINCT D.Dnumber
  4  		    FROM DEPARTMENT D
  5  		    WHERE D.Dname = 'Research') AND
  6  	   E.Ssn = (SELECT DISTINCT W.Essn
  7  		    FROM WORKS_ON W
  8  		    WHERE W.Hours < 20 AND
  9  		    E.Ssn = W.Essn) AND
 10  	   NOT EXISTS(SELECT W.Essn
 11  		      FROM WORKS_ON W
 12  		      WHERE W.Hours > 20 AND
 13  		      E.Ssn = W.Essn)
 14  ORDER BY E.Lname;

SSN       LNAME                                                                 
--------- ---------------                                                       
333445555 Wong                                                                  

SQL> --
SQL> -- DIVISION ---------------------------------------------
SQL> --
SQL> /*(20B) Hint: This is a DIVISION query
SQL> For every employee who works on every project that is controlled by department 4: Find the ssn and lname. Sort the results by lname
SQL> */
SQL> SELECT E.Ssn, E.Lname
  2  FROM EMPLOYEE E
  3  WHERE NOT EXISTS((SELECT P.Pnumber
  4  		       FROM PROJECT P
  5  		       WHERE P.Dnum = 4)
  6  		      MINUS
  7  		       (SELECT W.Pno
  8  			FROM WORKS_ON W, PROJECT P
  9  			WHERE E.Ssn = W.Essn AND
 10  			      P.Pnumber = W.Pno AND
 11  			      P.Dnum = 4))
 12  ORDER BY E.Lname;

SSN       LNAME                                                                 
--------- ---------------                                                       
987987987 Jabbar                                                                
999887777 Zelaya                                                                

SQL> --
SQL> SET ECHO OFF
